This file contains any messages produced by compilers while
running configure, to aid debugging if configure makes a mistake.

It was created by configure, which was
generated by GNU Autoconf 2.59.  Invocation command line was

  $ ./configure 

## --------- ##
## Platform. ##
## --------- ##

hostname = macpro.walkertek.com
uname -m = x86_64
uname -r = 11.2.0
uname -s = Darwin
uname -v = Darwin Kernel Version 11.2.0: Tue Aug  9 20:54:00 PDT 2011; root:xnu-1699.24.8~1/RELEASE_X86_64

/usr/bin/uname -p = i386
/bin/uname -X     = unknown

/bin/arch              = unknown
/usr/bin/arch -k       = unknown
/usr/convex/getsysinfo = unknown
hostinfo               = Mach kernel version:
	 Darwin Kernel Version 11.2.0: Tue Aug  9 20:54:00 PDT 2011; root:xnu-1699.24.8~1/RELEASE_X86_64
Kernel configured for up to 16 processors.
8 processors are physically available.
16 processors are logically available.
Processor type: i486 (Intel 80486)
Processors active: 0 1 2 3 4 5 6 7 8 9 10 11 12 13 14 15
Primary memory available: 6.00 gigabytes
Default processor set: 155 tasks, 821 threads, 16 processors
Load average: 1.65, Mach factor: 14.34
/bin/machine           = unknown
/usr/bin/oslevel       = unknown
/bin/universe          = unknown

PATH: /Users/steve/.rvm/gems/ruby-1.9.2-p290/bin
PATH: /Users/steve/.rvm/gems/ruby-1.9.2-p290@global/bin
PATH: /Users/steve/.rvm/rubies/ruby-1.9.2-p290/bin
PATH: /Users/steve/.rvm/bin
PATH: /usr/bin
PATH: /bin
PATH: /usr/sbin
PATH: /sbin
PATH: /usr/local/bin
PATH: /usr/X11/bin
PATH: /Users/steve/bin
PATH: /usr/local/bin
PATH: /usr/local/mysql/bin
PATH: /opt/local/bin
PATH: /opt/local/sbin
PATH: /Users/steve/src/aws/ec2/bin


## ----------- ##
## Core tests. ##
## ----------- ##

configure:1269: checking for a BSD-compatible install
configure:1324: result: /usr/bin/install -c
configure:1335: checking whether build environment is sane
configure:1378: result: yes
configure:1411: checking for gawk
configure:1440: result: no
configure:1411: checking for mawk
configure:1440: result: no
configure:1411: checking for nawk
configure:1440: result: no
configure:1411: checking for awk
configure:1427: found /usr/bin/awk
configure:1437: result: awk
configure:1447: checking whether make sets $(MAKE)
configure:1467: result: yes
configure:1651: checking for xemacs
configure:1678: result: /usr/bin/aquamacs
configure:1704: checking for emacs
configure:1730: result: /usr/bin/aquamacs
configure:1743: checking where .elc files should go
configure:1753: $EMACS -batch -q -eval '(while load-path (princ (concat (car load-path) "
")) (setq load-path (cdr load-path)))' </dev/null >conftest.out
touch: illegal option -- b
usage:
touch [-A [-][[hh]mm]SS] [-acfhm] [-r file] [-t [[CC]YY]MMDDhhmm[.SS]] file ...
open: invalid option -- q
Usage: open [-e] [-t] [-f] [-W] [-R] [-n] [-g] [-h] [-b <bundle identifier>] [-a <application>] [filenames] [--args arguments]
Help: Open opens files from a shell.
      By default, opens each file using the default application for that file.  
      If the file is in the form of a URL, the file will be opened as a URL.
Options: 
      -a                Opens with the specified application.
      -b                Opens with the specified application bundle identifier.
      -e                Opens with TextEdit.
      -t                Opens with default text editor.
      -f                Reads input from standard input and opens with TextEdit.
      -F  --fresh       Launches the app fresh, that is, without restoring windows. Saved persistent state is lost, excluding Untitled documents.
      -R, --reveal      Selects in the Finder instead of opening.
      -W, --wait-apps   Blocks until the used applications are closed (even if they were already running).
          --args        All remaining arguments are passed in argv to the application's main() function instead of opened.
      -n, --new         Open a new instance of the application even if one is already running.
      -j, --hide        Launches the app hidden.
      -g, --background  Does not bring the application to the foreground.
      -h, --header      Searches header file locations for headers matching the given filenames, and opens them.
configure:1756: $? = 0
configure:1769: result: ${datadir}/emacs/site-lisp
configure:1780: checking for emacs version
/usr/bin/aquamacs -batch -eval (let ((x (and (boundp 'emacs-major-version) (format "%d.%d" emacs-major-version emacs-minor-version)))) (write-region (if (stringp x) (princ x) (prin1-to-string x)) nil "./conftest-32577"))
touch: illegal option -- b
usage:
touch [-A [-][[hh]mm]SS] [-acfhm] [-r file] [-t [[CC]YY]MMDDhhmm[.SS]] file ...
open: invalid option -- v
Usage: open [-e] [-t] [-f] [-W] [-R] [-n] [-g] [-h] [-b <bundle identifier>] [-a <application>] [filenames] [--args arguments]
Help: Open opens files from a shell.
      By default, opens each file using the default application for that file.  
      If the file is in the form of a URL, the file will be opened as a URL.
Options: 
      -a                Opens with the specified application.
      -b                Opens with the specified application bundle identifier.
      -e                Opens with TextEdit.
      -t                Opens with default text editor.
      -f                Reads input from standard input and opens with TextEdit.
      -F  --fresh       Launches the app fresh, that is, without restoring windows. Saved persistent state is lost, excluding Untitled documents.
      -R, --reveal      Selects in the Finder instead of opening.
      -W, --wait-apps   Blocks until the used applications are closed (even if they were already running).
          --args        All remaining arguments are passed in argv to the application's main() function instead of opened.
      -n, --new         Open a new instance of the application even if one is already running.
      -j, --hide        Launches the app hidden.
      -g, --background  Does not bring the application to the foreground.
      -h, --header      Searches header file locations for headers matching the given filenames, and opens them.
=> 
configure:1811: result: 
configure:1950: creating ./config.status
rm: illegal option -- b
usage: rm [-f | -i] [-dPRrvW] file ...
       unlink file
rm: illegal option -- b
usage: rm [-f | -i] [-dPRrvW] file ...
       unlink file
f 2.59.  Invocation command line was

  CONFIG_FILES    = 
  CONFIG_HEADERS  = 
  CONFIG_LINKS    = 
  CONFIG_COMMANDS = 
  $ ./config.status 

on macpro.walkertek.com

config.status:690: creating Makefile

## ---------------- ##
## Cache variables. ##
## ---------------- ##

EMACS_cv_SYS_version=
ac_cv_env_build_alias_set=
ac_cv_env_build_alias_value=
ac_cv_env_host_alias_set=
ac_cv_env_host_alias_value=
ac_cv_env_target_alias_set=
ac_cv_env_target_alias_value=
ac_cv_path_install='/usr/bin/install -c'
ac_cv_prog_AWK=awk
ac_cv_prog_EMACS=/usr/bin/aquamacs
ac_cv_prog_make_make_set=yes
am_cv_lispdir='${datadir}/emacs/site-lisp'

## ----------------- ##
## Output variables. ##
## ----------------- ##

ACLOCAL='${SHELL} /Users/steve/.emacs.d/mmm-mode-0.4.8/missing --run aclocal-1.7'
AMTAR='${SHELL} /Users/steve/.emacs.d/mmm-mode-0.4.8/missing --run tar'
AUTOCONF='${SHELL} /Users/steve/.emacs.d/mmm-mode-0.4.8/missing --run autoconf'
AUTOHEADER='${SHELL} /Users/steve/.emacs.d/mmm-mode-0.4.8/missing --run autoheader'
AUTOMAKE='${SHELL} /Users/steve/.emacs.d/mmm-mode-0.4.8/missing --run automake-1.7'
AWK='awk'
CYGPATH_W='echo'
DEFS='-DPACKAGE_NAME=\"\" -DPACKAGE_TARNAME=\"\" -DPACKAGE_VERSION=\"\" -DPACKAGE_STRING=\"\" -DPACKAGE_BUGREPORT=\"\" -DPACKAGE=\"mmm-mode\" -DVERSION=\"0.4.8\" '
ECHO_C='ECHO_N=''
ECHO_T=''
EMACS='/usr/bin/aquamacs'
EMACS_VERSION=''
INSTALL_DATA='${INSTALL} -m 644'
INSTALL_PROGRAM='${INSTALL}'
INSTALL_SCRIPT='${INSTALL}'
INSTALL_STRIP_PROGRAM='${SHELL} $(install_sh) -c -s'
LIBOBJS=''
LIBS=''
LTLIBOBJS=''
MAKEINFO='${SHELL} /Users/steve/.emacs.d/mmm-mode-0.4.8/missing --run makeinfo'
PACKAGE='mmm-mode'
PACKAGE_BUGREPORT=''
PACKAGE_NAME=''
PACKAGE_STRING=''
PACKAGE_TARNAME=''
PACKAGE_VERSION=''
PATH_SEPARATOR=':'
SET_MAKE=''
SHELL='/bin/sh'
STRIP=''
VERSION='0.4.8'
ac_ct_STRIP=''
am__leading_dot='.'
bindir='${exec_prefix}/bin'
build_alias=''
datadir='${prefix}/share'
exec_prefix='${prefix}'
host_alias=''
includedir='${prefix}/include'
infodir='${prefix}/info'
install_sh='/Users/steve/.emacs.d/mmm-mode-0.4.8/install-sh'
libdir='${exec_prefix}/lib'
libexecdir='${exec_prefix}/libexec'
lispdir='${datadir}/emacs/site-lisp'
localstatedir='${prefix}/var'
mandir='${prefix}/man'
oldincludedir='/usr/include'
prefix='/usr/local'
program_transform_name='s,x,x,'
sbindir='${exec_prefix}/sbin'
sharedstatedir='${prefix}/com'
sysconfdir='${prefix}/etc'
target_alias=''

## ----------- ##
## confdefs.h. ##
## ----------- ##

#define PACKAGE "mmm-mode"
#define PACKAGE_BUGREPORT ""
#define PACKAGE_NAME ""
#define PACKAGE_STRING ""
#define PACKAGE_TARNAME ""
#define PACKAGE_VERSION ""
#define VERSION "0.4.8"

configure: exit 0
